2024-07-18 15:34:55.186075
404 Not Found: The requested URL was not found on the server. If you entered the URL manually please check your spelling and try again.
-------------------------------------------
-------------------------------------------
2024-07-18 15:34:55.773348
404 Not Found: The requested URL was not found on the server. If you entered the URL manually please check your spelling and try again.
-------------------------------------------
-------------------------------------------
2024-07-18 15:35:05.920979
404 Not Found: The requested URL was not found on the server. If you entered the URL manually please check your spelling and try again.
-------------------------------------------
-------------------------------------------
2024-07-18 15:35:17.176269
404 Not Found: The requested URL was not found on the server. If you entered the URL manually please check your spelling and try again.
-------------------------------------------
-------------------------------------------
2024-07-18 15:35:18.912688
'models.vacation_model.VacationModel object' has no attribute 'id'
-------------------------------------------
-------------------------------------------
2024-07-18 15:35:19.004712
404 Not Found: The requested URL was not found on the server. If you entered the URL manually please check your spelling and try again.
-------------------------------------------
-------------------------------------------
2024-07-18 15:35:21.243148
404 Not Found: The requested URL was not found on the server. If you entered the URL manually please check your spelling and try again.
-------------------------------------------
-------------------------------------------
2024-07-18 15:35:23.905781
404 Not Found: The requested URL was not found on the server. If you entered the URL manually please check your spelling and try again.
-------------------------------------------
-------------------------------------------
2024-07-18 15:35:26.457864
404 Not Found: The requested URL was not found on the server. If you entered the URL manually please check your spelling and try again.
-------------------------------------------
-------------------------------------------
2024-07-18 16:16:38.367023
'models.vacation_model.VacationModel object' has no attribute 'id'
-------------------------------------------
-------------------------------------------
2024-07-18 16:16:38.480055
404 Not Found: The requested URL was not found on the server. If you entered the URL manually please check your spelling and try again.
-------------------------------------------
-------------------------------------------
2024-07-18 16:17:40.819785
'models.vacation_model.VacationModel object' has no attribute 'id'
-------------------------------------------
-------------------------------------------
2024-07-18 16:17:40.913322
404 Not Found: The requested URL was not found on the server. If you entered the URL manually please check your spelling and try again.
-------------------------------------------
-------------------------------------------
2024-07-18 16:20:00.161826
Could not build url for endpoint 'vacations_view.details' with values ['vacations_ID']. Did you forget to specify values ['id']?
-------------------------------------------
-------------------------------------------
2024-07-18 16:20:00.265410
404 Not Found: The requested URL was not found on the server. If you entered the URL manually please check your spelling and try again.
-------------------------------------------
-------------------------------------------
2024-07-18 16:20:09.136781
Could not build url for endpoint 'vacations_view.details' with values ['vacations_ID']. Did you forget to specify values ['id']?
-------------------------------------------
-------------------------------------------
2024-07-18 16:20:09.208213
404 Not Found: The requested URL was not found on the server. If you entered the URL manually please check your spelling and try again.
-------------------------------------------
-------------------------------------------
2024-07-18 16:20:29.794970
404 Not Found: The requested URL was not found on the server. If you entered the URL manually please check your spelling and try again.
-------------------------------------------
-------------------------------------------
2024-07-18 16:20:31.679852
404 Not Found: The requested URL was not found on the server. If you entered the URL manually please check your spelling and try again.
-------------------------------------------
-------------------------------------------
2024-07-18 16:20:48.251128
redirect() got an unexpected keyword argument 'error'
-------------------------------------------
-------------------------------------------
2024-07-18 16:20:48.329288
404 Not Found: The requested URL was not found on the server. If you entered the URL manually please check your spelling and try again.
-------------------------------------------
-------------------------------------------
2024-07-18 16:22:49.673295
redirect() got an unexpected keyword argument 'error'
-------------------------------------------
-------------------------------------------
2024-07-18 16:22:49.788505
404 Not Found: The requested URL was not found on the server. If you entered the URL manually please check your spelling and try again.
-------------------------------------------
-------------------------------------------
2024-07-18 16:24:58.662298
404 Not Found: The requested URL was not found on the server. If you entered the URL manually please check your spelling and try again.
-------------------------------------------
-------------------------------------------
2024-07-18 16:25:00.647973
redirect() got an unexpected keyword argument 'error'
-------------------------------------------
-------------------------------------------
2024-07-18 16:25:00.799118
404 Not Found: The requested URL was not found on the server. If you entered the URL manually please check your spelling and try again.
-------------------------------------------
-------------------------------------------
2024-07-18 16:28:23.189892
404 Not Found: The requested URL was not found on the server. If you entered the URL manually please check your spelling and try again.
-------------------------------------------
-------------------------------------------
2024-07-18 16:28:25.119804
404 Not Found: The requested URL was not found on the server. If you entered the URL manually please check your spelling and try again.
-------------------------------------------
-------------------------------------------
2024-07-18 16:28:27.357922
404 Not Found: The requested URL was not found on the server. If you entered the URL manually please check your spelling and try again.
-------------------------------------------
-------------------------------------------
2024-07-18 16:28:36.307822
404 Not Found: The requested URL was not found on the server. If you entered the URL manually please check your spelling and try again.
-------------------------------------------
-------------------------------------------
2024-07-18 16:28:38.057802
redirect() got an unexpected keyword argument 'error'
-------------------------------------------
-------------------------------------------
2024-07-18 16:28:38.139428
404 Not Found: The requested URL was not found on the server. If you entered the URL manually please check your spelling and try again.
-------------------------------------------
-------------------------------------------
2024-07-18 16:28:39.689498
404 Not Found: The requested URL was not found on the server. If you entered the URL manually please check your spelling and try again.
-------------------------------------------
-------------------------------------------
2024-07-18 16:28:51.996418
404 Not Found: The requested URL was not found on the server. If you entered the URL manually please check your spelling and try again.
-------------------------------------------
-------------------------------------------
2024-07-18 16:28:54.674214
404 Not Found: The requested URL was not found on the server. If you entered the URL manually please check your spelling and try again.
-------------------------------------------
-------------------------------------------
2024-07-18 16:28:56.642864
404 Not Found: The requested URL was not found on the server. If you entered the URL manually please check your spelling and try again.
-------------------------------------------
-------------------------------------------
2024-07-20 13:09:50.893914
404 Not Found: The requested URL was not found on the server. If you entered the URL manually please check your spelling and try again.
-------------------------------------------
-------------------------------------------
2024-07-20 13:09:56.264817
404 Not Found: The requested URL was not found on the server. If you entered the URL manually please check your spelling and try again.
-------------------------------------------
-------------------------------------------
2024-07-20 13:10:47.059460
404 Not Found: The requested URL was not found on the server. If you entered the URL manually please check your spelling and try again.
-------------------------------------------
-------------------------------------------
2024-07-20 13:11:31.397947
404 Not Found: The requested URL was not found on the server. If you entered the URL manually please check your spelling and try again.
-------------------------------------------
-------------------------------------------
2024-07-20 13:12:37.006826
redirect() got an unexpected keyword argument 'error'
-------------------------------------------
-------------------------------------------
2024-07-20 13:12:37.377708
404 Not Found: The requested URL was not found on the server. If you entered the URL manually please check your spelling and try again.
-------------------------------------------
-------------------------------------------
2024-07-20 13:14:24.969041
404 Not Found: The requested URL was not found on the server. If you entered the URL manually please check your spelling and try again.
-------------------------------------------
-------------------------------------------
2024-07-20 13:17:41.403223
block 'content' defined twice
-------------------------------------------
-------------------------------------------
2024-07-20 13:17:41.522055
404 Not Found: The requested URL was not found on the server. If you entered the URL manually please check your spelling and try again.
-------------------------------------------
-------------------------------------------
2024-07-20 13:17:43.888477
block 'content' defined twice
-------------------------------------------
-------------------------------------------
2024-07-20 13:17:43.990363
404 Not Found: The requested URL was not found on the server. If you entered the URL manually please check your spelling and try again.
-------------------------------------------
-------------------------------------------
2024-07-20 13:17:45.556196
block 'content' defined twice
-------------------------------------------
-------------------------------------------
2024-07-20 13:17:45.670728
404 Not Found: The requested URL was not found on the server. If you entered the URL manually please check your spelling and try again.
-------------------------------------------
-------------------------------------------
2024-07-20 13:17:47.177024
block 'content' defined twice
-------------------------------------------
-------------------------------------------
2024-07-20 13:17:47.271782
404 Not Found: The requested URL was not found on the server. If you entered the URL manually please check your spelling and try again.
-------------------------------------------
-------------------------------------------
2024-07-20 13:18:39.930892
404 Not Found: The requested URL was not found on the server. If you entered the URL manually please check your spelling and try again.
-------------------------------------------
-------------------------------------------
2024-07-20 13:18:59.346718
404 Not Found: The requested URL was not found on the server. If you entered the URL manually please check your spelling and try again.
-------------------------------------------
-------------------------------------------
2024-07-20 13:21:22.055094
404 Not Found: The requested URL was not found on the server. If you entered the URL manually please check your spelling and try again.
-------------------------------------------
-------------------------------------------
2024-07-20 13:21:41.350680
404 Not Found: The requested URL was not found on the server. If you entered the URL manually please check your spelling and try again.
-------------------------------------------
-------------------------------------------
2024-07-20 13:22:14.890358
404 Not Found: The requested URL was not found on the server. If you entered the URL manually please check your spelling and try again.
-------------------------------------------
-------------------------------------------
2024-07-20 13:22:15.857001
404 Not Found: The requested URL was not found on the server. If you entered the URL manually please check your spelling and try again.
-------------------------------------------
-------------------------------------------
2024-07-20 13:22:34.764055
404 Not Found: The requested URL was not found on the server. If you entered the URL manually please check your spelling and try again.
-------------------------------------------
-------------------------------------------
2024-07-20 13:22:54.196968
404 Not Found: The requested URL was not found on the server. If you entered the URL manually please check your spelling and try again.
-------------------------------------------
-------------------------------------------
2024-07-20 13:22:55.127479
404 Not Found: The requested URL was not found on the server. If you entered the URL manually please check your spelling and try again.
-------------------------------------------
-------------------------------------------
2024-07-20 13:23:55.693233
404 Not Found: The requested URL was not found on the server. If you entered the URL manually please check your spelling and try again.
-------------------------------------------
-------------------------------------------
2024-07-20 13:23:56.640547
404 Not Found: The requested URL was not found on the server. If you entered the URL manually please check your spelling and try again.
-------------------------------------------
-------------------------------------------
2024-07-20 13:23:58.259132
redirect() got an unexpected keyword argument 'error'
-------------------------------------------
-------------------------------------------
2024-07-20 13:23:58.336375
404 Not Found: The requested URL was not found on the server. If you entered the URL manually please check your spelling and try again.
-------------------------------------------
-------------------------------------------
2024-07-20 13:24:00.457237
404 Not Found: The requested URL was not found on the server. If you entered the URL manually please check your spelling and try again.
-------------------------------------------
-------------------------------------------
2024-07-20 13:24:01.506571
404 Not Found: The requested URL was not found on the server. If you entered the URL manually please check your spelling and try again.
-------------------------------------------
-------------------------------------------
2024-07-20 13:24:02.461851
404 Not Found: The requested URL was not found on the server. If you entered the URL manually please check your spelling and try again.
-------------------------------------------
-------------------------------------------
2024-07-20 13:24:03.599000
404 Not Found: The requested URL was not found on the server. If you entered the URL manually please check your spelling and try again.
-------------------------------------------
-------------------------------------------
2024-07-20 13:24:04.737512
404 Not Found: The requested URL was not found on the server. If you entered the URL manually please check your spelling and try again.
-------------------------------------------
-------------------------------------------
2024-07-20 13:24:06.417581
404 Not Found: The requested URL was not found on the server. If you entered the URL manually please check your spelling and try again.
-------------------------------------------
-------------------------------------------
2024-07-20 13:24:28.394742
redirect() got an unexpected keyword argument 'error'
-------------------------------------------
-------------------------------------------
2024-07-20 13:24:28.477097
404 Not Found: The requested URL was not found on the server. If you entered the URL manually please check your spelling and try again.
-------------------------------------------
-------------------------------------------
2024-07-20 13:24:31.002628
404 Not Found: The requested URL was not found on the server. If you entered the URL manually please check your spelling and try again.
-------------------------------------------
-------------------------------------------
2024-07-20 13:24:51.588792
404 Not Found: The requested URL was not found on the server. If you entered the URL manually please check your spelling and try again.
-------------------------------------------
-------------------------------------------
2024-07-20 13:24:52.390281
404 Not Found: The requested URL was not found on the server. If you entered the URL manually please check your spelling and try again.
-------------------------------------------
-------------------------------------------
2024-07-20 13:25:01.124700
404 Not Found: The requested URL was not found on the server. If you entered the URL manually please check your spelling and try again.
-------------------------------------------
-------------------------------------------
2024-07-20 13:25:03.425149
404 Not Found: The requested URL was not found on the server. If you entered the URL manually please check your spelling and try again.
-------------------------------------------
-------------------------------------------
2024-07-20 13:26:21.866527
404 Not Found: The requested URL was not found on the server. If you entered the URL manually please check your spelling and try again.
-------------------------------------------
-------------------------------------------
2024-07-20 13:26:32.773845
404 Not Found: The requested URL was not found on the server. If you entered the URL manually please check your spelling and try again.
-------------------------------------------
-------------------------------------------
2024-07-20 13:26:38.686431
404 Not Found: The requested URL was not found on the server. If you entered the URL manually please check your spelling and try again.
-------------------------------------------
-------------------------------------------
2024-07-20 13:26:48.349213
404 Not Found: The requested URL was not found on the server. If you entered the URL manually please check your spelling and try again.
-------------------------------------------
-------------------------------------------
2024-07-20 13:26:49.730903
404 Not Found: The requested URL was not found on the server. If you entered the URL manually please check your spelling and try again.
-------------------------------------------
-------------------------------------------
2024-07-20 13:26:59.639103
404 Not Found: The requested URL was not found on the server. If you entered the URL manually please check your spelling and try again.
-------------------------------------------
-------------------------------------------
2024-07-20 13:27:01.373051
404 Not Found: The requested URL was not found on the server. If you entered the URL manually please check your spelling and try again.
-------------------------------------------
-------------------------------------------
2024-07-20 13:27:25.633392
404 Not Found: The requested URL was not found on the server. If you entered the URL manually please check your spelling and try again.
-------------------------------------------
-------------------------------------------
2024-07-20 13:28:01.731253
404 Not Found: The requested URL was not found on the server. If you entered the URL manually please check your spelling and try again.
-------------------------------------------
-------------------------------------------
2024-07-20 13:33:36.104726
404 Not Found: The requested URL was not found on the server. If you entered the URL manually please check your spelling and try again.
-------------------------------------------
-------------------------------------------
2024-07-20 13:33:38.599927
404 Not Found: The requested URL was not found on the server. If you entered the URL manually please check your spelling and try again.
-------------------------------------------
-------------------------------------------
2024-07-20 13:33:51.566828
404 Not Found: The requested URL was not found on the server. If you entered the URL manually please check your spelling and try again.
-------------------------------------------
-------------------------------------------
2024-07-20 13:38:10.430175
404 Not Found: The requested URL was not found on the server. If you entered the URL manually please check your spelling and try again.
-------------------------------------------
-------------------------------------------
2024-07-20 13:40:25.557170
404 Not Found: The requested URL was not found on the server. If you entered the URL manually please check your spelling and try again.
-------------------------------------------
-------------------------------------------
2024-07-20 13:40:27.208029
404 Not Found: The requested URL was not found on the server. If you entered the URL manually please check your spelling and try again.
-------------------------------------------
-------------------------------------------
2024-07-20 13:40:30.766240
404 Not Found: The requested URL was not found on the server. If you entered the URL manually please check your spelling and try again.
-------------------------------------------
-------------------------------------------
2024-07-20 13:40:33.545586
redirect() got an unexpected keyword argument 'error'
-------------------------------------------
-------------------------------------------
2024-07-20 13:40:33.613798
404 Not Found: The requested URL was not found on the server. If you entered the URL manually please check your spelling and try again.
-------------------------------------------
-------------------------------------------
2024-07-20 13:40:34.721413
404 Not Found: The requested URL was not found on the server. If you entered the URL manually please check your spelling and try again.
-------------------------------------------
-------------------------------------------
2024-07-20 13:40:35.927516
404 Not Found: The requested URL was not found on the server. If you entered the URL manually please check your spelling and try again.
-------------------------------------------
-------------------------------------------
2024-07-20 13:40:37.009046
404 Not Found: The requested URL was not found on the server. If you entered the URL manually please check your spelling and try again.
-------------------------------------------
-------------------------------------------
2024-07-20 13:40:38.184311
redirect() got an unexpected keyword argument 'error'
-------------------------------------------
-------------------------------------------
2024-07-20 13:40:38.252977
404 Not Found: The requested URL was not found on the server. If you entered the URL manually please check your spelling and try again.
-------------------------------------------
-------------------------------------------
2024-07-20 13:40:39.665066
404 Not Found: The requested URL was not found on the server. If you entered the URL manually please check your spelling and try again.
-------------------------------------------
-------------------------------------------
2024-07-20 13:42:39.500371
404 Not Found: The requested URL was not found on the server. If you entered the URL manually please check your spelling and try again.
-------------------------------------------
-------------------------------------------
2024-07-20 13:42:40.806022
404 Not Found: The requested URL was not found on the server. If you entered the URL manually please check your spelling and try again.
-------------------------------------------
-------------------------------------------
2024-07-20 13:43:05.645901
404 Not Found: The requested URL was not found on the server. If you entered the URL manually please check your spelling and try again.
-------------------------------------------
-------------------------------------------
2024-07-20 13:43:07.199182
404 Not Found: The requested URL was not found on the server. If you entered the URL manually please check your spelling and try again.
-------------------------------------------
-------------------------------------------
2024-07-20 13:43:08.924976
redirect() got an unexpected keyword argument 'error'
-------------------------------------------
-------------------------------------------
2024-07-20 13:43:08.986695
404 Not Found: The requested URL was not found on the server. If you entered the URL manually please check your spelling and try again.
-------------------------------------------
-------------------------------------------
2024-07-20 13:43:10.800092
404 Not Found: The requested URL was not found on the server. If you entered the URL manually please check your spelling and try again.
-------------------------------------------
-------------------------------------------
2024-07-20 13:43:12.000229
404 Not Found: The requested URL was not found on the server. If you entered the URL manually please check your spelling and try again.
-------------------------------------------
-------------------------------------------
2024-07-20 13:43:13.241510
404 Not Found: The requested URL was not found on the server. If you entered the URL manually please check your spelling and try again.
-------------------------------------------
-------------------------------------------
2024-07-20 13:43:14.996050
404 Not Found: The requested URL was not found on the server. If you entered the URL manually please check your spelling and try again.
-------------------------------------------
-------------------------------------------
2024-07-20 13:43:22.099304
404 Not Found: The requested URL was not found on the server. If you entered the URL manually please check your spelling and try again.
-------------------------------------------
-------------------------------------------
2024-07-20 13:43:25.903744
404 Not Found: The requested URL was not found on the server. If you entered the URL manually please check your spelling and try again.
-------------------------------------------
-------------------------------------------
2024-07-20 13:43:27.380304
404 Not Found: The requested URL was not found on the server. If you entered the URL manually please check your spelling and try again.
-------------------------------------------
-------------------------------------------
2024-07-20 13:43:29.079349
redirect() got an unexpected keyword argument 'error'
-------------------------------------------
-------------------------------------------
2024-07-20 13:43:29.153621
404 Not Found: The requested URL was not found on the server. If you entered the URL manually please check your spelling and try again.
-------------------------------------------
-------------------------------------------
2024-07-20 13:43:30.182781
404 Not Found: The requested URL was not found on the server. If you entered the URL manually please check your spelling and try again.
-------------------------------------------
-------------------------------------------
2024-07-20 13:44:22.436044
404 Not Found: The requested URL was not found on the server. If you entered the URL manually please check your spelling and try again.
-------------------------------------------
-------------------------------------------
2024-07-20 13:44:24.304120
404 Not Found: The requested URL was not found on the server. If you entered the URL manually please check your spelling and try again.
-------------------------------------------
-------------------------------------------
2024-07-20 13:44:33.126075
404 Not Found: The requested URL was not found on the server. If you entered the URL manually please check your spelling and try again.
-------------------------------------------
-------------------------------------------
2024-07-20 13:53:06.243938
404 Not Found: The requested URL was not found on the server. If you entered the URL manually please check your spelling and try again.
-------------------------------------------
-------------------------------------------
2024-07-20 13:53:08.229914
404 Not Found: The requested URL was not found on the server. If you entered the URL manually please check your spelling and try again.
-------------------------------------------
-------------------------------------------
2024-07-20 13:53:26.692156
404 Not Found: The requested URL was not found on the server. If you entered the URL manually please check your spelling and try again.
-------------------------------------------
-------------------------------------------
2024-07-20 13:56:47.650620
404 Not Found: The requested URL was not found on the server. If you entered the URL manually please check your spelling and try again.
-------------------------------------------
-------------------------------------------
2024-07-20 13:56:49.721106
404 Not Found: The requested URL was not found on the server. If you entered the URL manually please check your spelling and try again.
-------------------------------------------
-------------------------------------------
2024-07-20 13:56:50.627847
404 Not Found: The requested URL was not found on the server. If you entered the URL manually please check your spelling and try again.
-------------------------------------------
-------------------------------------------
2024-07-20 13:56:51.855817
404 Not Found: The requested URL was not found on the server. If you entered the URL manually please check your spelling and try again.
-------------------------------------------
-------------------------------------------
2024-07-20 13:56:52.734180
redirect() got an unexpected keyword argument 'error'
-------------------------------------------
-------------------------------------------
2024-07-20 13:56:52.803037
404 Not Found: The requested URL was not found on the server. If you entered the URL manually please check your spelling and try again.
-------------------------------------------
-------------------------------------------
2024-07-20 13:56:53.944402
404 Not Found: The requested URL was not found on the server. If you entered the URL manually please check your spelling and try again.
-------------------------------------------
-------------------------------------------
2024-07-20 13:56:54.949199
404 Not Found: The requested URL was not found on the server. If you entered the URL manually please check your spelling and try again.
-------------------------------------------
-------------------------------------------
2024-07-20 13:56:55.880715
404 Not Found: The requested URL was not found on the server. If you entered the URL manually please check your spelling and try again.
-------------------------------------------
-------------------------------------------
2024-07-20 13:56:57.183224
404 Not Found: The requested URL was not found on the server. If you entered the URL manually please check your spelling and try again.
-------------------------------------------
-------------------------------------------
2024-07-20 13:57:30.096562
404 Not Found: The requested URL was not found on the server. If you entered the URL manually please check your spelling and try again.
-------------------------------------------
-------------------------------------------
2024-07-20 13:57:30.863435
404 Not Found: The requested URL was not found on the server. If you entered the URL manually please check your spelling and try again.
-------------------------------------------
-------------------------------------------
2024-07-20 13:57:31.528604
redirect() got an unexpected keyword argument 'error'
-------------------------------------------
-------------------------------------------
2024-07-20 13:57:31.653418
404 Not Found: The requested URL was not found on the server. If you entered the URL manually please check your spelling and try again.
-------------------------------------------
-------------------------------------------
2024-07-20 13:57:32.441284
404 Not Found: The requested URL was not found on the server. If you entered the URL manually please check your spelling and try again.
-------------------------------------------
-------------------------------------------
2024-07-20 13:57:33.443505
404 Not Found: The requested URL was not found on the server. If you entered the URL manually please check your spelling and try again.
-------------------------------------------
-------------------------------------------
2024-07-20 13:57:34.207096
404 Not Found: The requested URL was not found on the server. If you entered the URL manually please check your spelling and try again.
-------------------------------------------
-------------------------------------------
2024-07-20 13:58:10.637926
404 Not Found: The requested URL was not found on the server. If you entered the URL manually please check your spelling and try again.
-------------------------------------------
-------------------------------------------
2024-07-20 13:58:25.642526
404 Not Found: The requested URL was not found on the server. If you entered the URL manually please check your spelling and try again.
-------------------------------------------
-------------------------------------------
2024-07-20 13:58:28.052736
404 Not Found: The requested URL was not found on the server. If you entered the URL manually please check your spelling and try again.
-------------------------------------------
-------------------------------------------
2024-07-20 13:58:29.194816
redirect() got an unexpected keyword argument 'error'
-------------------------------------------
-------------------------------------------
2024-07-20 13:58:29.268004
404 Not Found: The requested URL was not found on the server. If you entered the URL manually please check your spelling and try again.
-------------------------------------------
-------------------------------------------
2024-07-20 13:58:29.757979
404 Not Found: The requested URL was not found on the server. If you entered the URL manually please check your spelling and try again.
-------------------------------------------
-------------------------------------------
2024-07-20 13:58:30.403568
404 Not Found: The requested URL was not found on the server. If you entered the URL manually please check your spelling and try again.
-------------------------------------------
-------------------------------------------
2024-07-20 13:58:31.391286
404 Not Found: The requested URL was not found on the server. If you entered the URL manually please check your spelling and try again.
-------------------------------------------
-------------------------------------------
2024-07-20 13:58:32.124279
404 Not Found: The requested URL was not found on the server. If you entered the URL manually please check your spelling and try again.
-------------------------------------------
-------------------------------------------
2024-07-20 13:58:55.347630
404 Not Found: The requested URL was not found on the server. If you entered the URL manually please check your spelling and try again.
-------------------------------------------
-------------------------------------------
2024-07-20 13:58:56.873502
404 Not Found: The requested URL was not found on the server. If you entered the URL manually please check your spelling and try again.
-------------------------------------------
-------------------------------------------
2024-07-20 13:58:57.834710
redirect() got an unexpected keyword argument 'error'
-------------------------------------------
-------------------------------------------
2024-07-20 13:58:57.907838
404 Not Found: The requested URL was not found on the server. If you entered the URL manually please check your spelling and try again.
-------------------------------------------
-------------------------------------------
2024-07-20 13:58:58.682388
404 Not Found: The requested URL was not found on the server. If you entered the URL manually please check your spelling and try again.
-------------------------------------------
-------------------------------------------
2024-07-20 13:59:26.454959
404 Not Found: The requested URL was not found on the server. If you entered the URL manually please check your spelling and try again.
-------------------------------------------
-------------------------------------------
2024-07-20 13:59:32.245589
404 Not Found: The requested URL was not found on the server. If you entered the URL manually please check your spelling and try again.
-------------------------------------------
-------------------------------------------
2024-07-20 14:07:28.461458
404 Not Found: The requested URL was not found on the server. If you entered the URL manually please check your spelling and try again.
-------------------------------------------
-------------------------------------------
2024-07-20 14:07:31.750989
404 Not Found: The requested URL was not found on the server. If you entered the URL manually please check your spelling and try again.
-------------------------------------------
-------------------------------------------
2024-07-20 14:09:28.371561
404 Not Found: The requested URL was not found on the server. If you entered the URL manually please check your spelling and try again.
-------------------------------------------
-------------------------------------------
2024-07-20 14:09:29.225003
404 Not Found: The requested URL was not found on the server. If you entered the URL manually please check your spelling and try again.
-------------------------------------------
-------------------------------------------
2024-07-20 14:09:30.175176
404 Not Found: The requested URL was not found on the server. If you entered the URL manually please check your spelling and try again.
-------------------------------------------
-------------------------------------------
2024-07-20 14:09:38.904111
404 Not Found: The requested URL was not found on the server. If you entered the URL manually please check your spelling and try again.
-------------------------------------------
-------------------------------------------
2024-07-20 14:09:40.064705
404 Not Found: The requested URL was not found on the server. If you entered the URL manually please check your spelling and try again.
-------------------------------------------
-------------------------------------------
2024-07-20 14:10:46.124387
404 Not Found: The requested URL was not found on the server. If you entered the URL manually please check your spelling and try again.
-------------------------------------------
-------------------------------------------
2024-07-20 14:12:29.467347
404 Not Found: The requested URL was not found on the server. If you entered the URL manually please check your spelling and try again.
-------------------------------------------
-------------------------------------------
2024-07-20 14:12:32.728108
404 Not Found: The requested URL was not found on the server. If you entered the URL manually please check your spelling and try again.
-------------------------------------------
-------------------------------------------
2024-07-20 14:12:49.372883
404 Not Found: The requested URL was not found on the server. If you entered the URL manually please check your spelling and try again.
-------------------------------------------
-------------------------------------------
2024-07-20 14:12:56.552451
404 Not Found: The requested URL was not found on the server. If you entered the URL manually please check your spelling and try again.
-------------------------------------------
-------------------------------------------
2024-07-20 14:13:07.329993
404 Not Found: The requested URL was not found on the server. If you entered the URL manually please check your spelling and try again.
-------------------------------------------
-------------------------------------------
2024-07-20 14:15:02.715848
404 Not Found: The requested URL was not found on the server. If you entered the URL manually please check your spelling and try again.
-------------------------------------------
-------------------------------------------
2024-07-20 14:15:08.840873
404 Not Found: The requested URL was not found on the server. If you entered the URL manually please check your spelling and try again.
-------------------------------------------
-------------------------------------------
2024-07-20 14:17:52.696424
404 Not Found: The requested URL was not found on the server. If you entered the URL manually please check your spelling and try again.
-------------------------------------------
-------------------------------------------
